<?xml version="1.0" encoding="UTF-8"?>
<testsuite xmlns:xsi="http://www.w3.org/2001/XMLSchema-instance" xsi:schemaLocation="https://maven.apache.org/surefire/maven-surefire-plugin/xsd/surefire-test-report.xsd" name="tn.esprit.spring.test.EmployeTest" time="9.829" tests="7" errors="0" skipped="0" failures="0">
  <properties>
    <property name="java.runtime.name" value="Java(TM) SE Runtime Environment"/>
    <property name="java.vm.version" value="14.0.1+7"/>
    <property name="sun.boot.library.path" value="C:\Program Files\Java\jdk-14.0.1\bin"/>
    <property name="maven.multiModuleProjectDirectory" value="E:\5eme\Devops\DEVOPS-main\TimesheetProject"/>
    <property name="java.vm.vendor" value="Oracle Corporation"/>
    <property name="java.vendor.url" value="https://java.oracle.com/"/>
    <property name="guice.disable.misplaced.annotation.check" value="true"/>
    <property name="path.separator" value=";"/>
    <property name="java.vm.name" value="Java HotSpot(TM) 64-Bit Server VM"/>
    <property name="sun.os.patch.level" value=""/>
    <property name="user.script" value=""/>
    <property name="user.country" value="FR"/>
    <property name="sun.java.launcher" value="SUN_STANDARD"/>
    <property name="java.vm.specification.name" value="Java Virtual Machine Specification"/>
    <property name="user.dir" value="E:\5eme\Devops\DEVOPS-main\TimesheetProject"/>
    <property name="java.vm.compressedOopsMode" value="Zero based"/>
    <property name="java.runtime.version" value="14.0.1+7"/>
    <property name="os.arch" value="amd64"/>
    <property name="java.io.tmpdir" value="C:\Users\CITOLO~1\AppData\Local\Temp\"/>
    <property name="line.separator" value="&#10;"/>
    <property name="java.vm.specification.vendor" value="Oracle Corporation"/>
    <property name="user.variant" value=""/>
    <property name="os.name" value="Windows 10"/>
    <property name="classworlds.conf" value="C:\Users\cito lotfi\Documents\workspace-spring-tool-suite-4-4.9.0.RELEASE\.metadata\.plugins\org.eclipse.m2e.launching\launches\m2conf17076359373349554363.tmp"/>
    <property name="jansi.force" value="true"/>
    <property name="sun.jnu.encoding" value="Cp1252"/>
    <property name="java.library.path" value="C:\Program Files\Java\jdk-14.0.1\bin;C:\WINDOWS\Sun\Java\bin;C:\WINDOWS\system32;C:\WINDOWS;D:/spring-tool-suite-4-4.9.0.RELEASE-e4.18.0-win32.win32.x86_64.self-extracting/contents/sts-4.9.0.RELEASE//plugins/org.eclipse.justj.openjdk.hotspot.jre.full.win32.x86_64_15.0.1.v20201027-0507/jre/bin/server;D:/spring-tool-suite-4-4.9.0.RELEASE-e4.18.0-win32.win32.x86_64.self-extracting/contents/sts-4.9.0.RELEASE//plugins/org.eclipse.justj.openjdk.hotspot.jre.full.win32.x86_64_15.0.1.v20201027-0507/jre/bin;C:\Program Files\Java\jdk-11.0.13;C:\Program Files\Java\jdk1.8.0_45\bin;C:\Program Files\Common Files\Oracle\Java\javapath;E:\xampp\php;C:\ProgramData\ComposerSetup\bin;C:\Windows\System32\cmd.exe;C:\Program Files\nodejs;E:\maven\apache-maven-3.8.1\bin;E:\symfony\Symfony;E:\Git\cmd;C:\Program Files\Docker\Docker\resources\bin;C:\ProgramData\DockerDesktop\version-bin;C:\Users\cito lotfi\AppData\Local\Microsoft\WindowsApps;C:\Users\cito lotfi\AppData\Roaming\npm;C:\Users\cito lotfi\.dotnet\tools;C:\Users\cito lotfi\AppData\Roaming\Composer\vendor\bin;E:\Microsoft VS Code\bin;D:\spring-tool-suite-4-4.9.0.RELEASE-e4.18.0-win32.win32.x86_64.self-extracting\contents\sts-4.9.0.RELEASE;;."/>
    <property name="jansi.passthrough" value="true"/>
    <property name="jdk.debug" value="release"/>
    <property name="java.class.version" value="58.0"/>
    <property name="java.specification.name" value="Java Platform API Specification"/>
    <property name="sun.management.compiler" value="HotSpot 64-Bit Tiered Compilers"/>
    <property name="os.version" value="10.0"/>
    <property name="user.home" value="C:\Users\cito lotfi"/>
    <property name="user.timezone" value="GMT+01:00"/>
    <property name="file.encoding" value="Cp1252"/>
    <property name="java.specification.version" value="14"/>
    <property name="user.name" value="cito lotfi"/>
    <property name="java.class.path" value="D:\spring-tool-suite-4-4.9.0.RELEASE-e4.18.0-win32.win32.x86_64.self-extracting\contents\sts-4.9.0.RELEASE\plugins\org.eclipse.m2e.maven.runtime_1.16.0.20200610-1735\jars\plexus-classworlds-2.6.0.jar"/>
    <property name="java.vm.specification.version" value="14"/>
    <property name="sun.arch.data.model" value="64"/>
    <property name="sun.java.command" value="org.codehaus.plexus.classworlds.launcher.Launcher -B install -Dstyle.color=always"/>
    <property name="java.home" value="C:\Program Files\Java\jdk-14.0.1"/>
    <property name="user.language" value="fr"/>
    <property name="java.specification.vendor" value="Oracle Corporation"/>
    <property name="java.vm.info" value="mixed mode, sharing"/>
    <property name="java.version" value="14.0.1"/>
    <property name="java.vendor" value="Oracle Corporation"/>
    <property name="maven.home" value="E:\5eme\Devops\DEVOPS-main\TimesheetProject\EMBEDDED"/>
    <property name="style.color" value="always"/>
    <property name="file.separator" value="\"/>
    <property name="java.version.date" value="2020-04-14"/>
    <property name="java.vendor.url.bug" value="https://bugreport.java.com/bugreport/"/>
    <property name="sun.io.unicode.encoding" value="UnicodeLittle"/>
    <property name="sun.cpu.endian" value="little"/>
    <property name="sun.cpu.isalist" value="amd64"/>
  </properties>
  <testcase name="testAffecterContratAEmploye" classname="tn.esprit.spring.test.EmployeTest" time="0.395"/>
  <testcase name="testDesaffecterEmployeDuDepartement" classname="tn.esprit.spring.test.EmployeTest" time="0.026"/>
  <testcase name="testAjouterEmploye" classname="tn.esprit.spring.test.EmployeTest" time="0.026"/>
  <testcase name="testGetEmployePrenomById" classname="tn.esprit.spring.test.EmployeTest" time="0.024"/>
  <testcase name="testMettreAjourEmailByEmployeId" classname="tn.esprit.spring.test.EmployeTest" time="0.023"/>
  <testcase name="testAffecterEmployeADepartement" classname="tn.esprit.spring.test.EmployeTest" time="0.027"/>
  <testcase name="testAjouterContrat" classname="tn.esprit.spring.test.EmployeTest" time="0.024"/>
</testsuite>